{"/home/ubuntu/repos/realworld-express-prisma/src/controllers/commentsController/createComment.ts": {"path":"/home/ubuntu/repos/realworld-express-prisma/src/controllers/commentsController/createComment.ts","statementMap":{"0":{"start":{"line":3,"column":0},"end":{"line":3,"column":77}},"1":{"start":{"line":4,"column":0},"end":{"line":4,"column":62}},"2":{"start":{"line":5,"column":0},"end":{"line":5,"column":53}},"3":{"start":{"line":21,"column":15},"end":{"line":21,"column":30}},"4":{"start":{"line":22,"column":35},"end":{"line":22,"column":51}},"5":{"start":{"line":23,"column":19},"end":{"line":23,"column":43}},"6":{"start":{"line":25,"column":2},"end":{"line":42,"column":null}},"7":{"start":{"line":27,"column":24},"end":{"line":27,"column":53}},"8":{"start":{"line":28,"column":4},"end":{"line":28,"column":49}},"9":{"start":{"line":28,"column":22},"end":{"line":28,"column":49}},"10":{"start":{"line":31,"column":20},"end":{"line":34,"column":null}},"11":{"start":{"line":38,"column":24},"end":{"line":38,"column":59}},"12":{"start":{"line":39,"column":4},"end":{"line":39,"column":58}},"13":{"start":{"line":41,"column":4},"end":{"line":41,"column":23}},"14":{"start":{"line":16,"column":0},"end":{"line":16,"column":30}}},"fnMap":{"0":{"name":"createComment","decl":{"start":{"line":16,"column":30},"end":{"line":16,"column":43}},"loc":{"start":{"line":19,"column":20},"end":{"line":43,"column":null}}}},"branchMap":{"0":{"loc":{"start":{"line":23,"column":19},"end":{"line":23,"column":43}},"type":"cond-expr","locations":[{"start":{"line":23,"column":33},"end":{"line":23,"column":35}},{"start":{"line":23,"column":33},"end":{"line":23,"column":43}}]},"1":{"loc":{"start":{"line":23,"column":19},"end":{"line":23,"column":35}},"type":"binary-expr","locations":[{"start":{"line":23,"column":19},"end":{"line":23,"column":35}},{"start":{"line":23,"column":33},"end":{"line":23,"column":35}}]},"2":{"loc":{"start":{"line":23,"column":19},"end":{"line":23,"column":33}},"type":"cond-expr","locations":[{"start":{"line":23,"column":27},"end":{"line":23,"column":29}},{"start":{"line":23,"column":27},"end":{"line":23,"column":33}}]},"3":{"loc":{"start":{"line":23,"column":19},"end":{"line":23,"column":29}},"type":"binary-expr","locations":[{"start":{"line":23,"column":19},"end":{"line":23,"column":29}},{"start":{"line":23,"column":27},"end":{"line":23,"column":29}}]},"4":{"loc":{"start":{"line":28,"column":4},"end":{"line":28,"column":49}},"type":"if","locations":[{"start":{"line":28,"column":4},"end":{"line":28,"column":49}}]}},"s":{"0":1,"1":1,"2":1,"3":3,"4":3,"5":3,"6":3,"7":3,"8":3,"9":1,"10":2,"11":1,"12":1,"13":1,"14":1},"f":{"0":3},"b":{"0":[0,3],"1":[3,3],"2":[0,3],"3":[3,3],"4":[1]}}
,"/home/ubuntu/repos/realworld-express-prisma/src/middleware/commentsValidator/commentCreateValidator.ts": {"path":"/home/ubuntu/repos/realworld-express-prisma/src/middleware/commentsValidator/commentCreateValidator.ts","statementMap":{"0":{"start":{"line":16,"column":18},"end":{"line":16,"column":34}},"1":{"start":{"line":17,"column":2},"end":{"line":20,"column":78}},"2":{"start":{"line":18,"column":4},"end":{"line":20,"column":78}},"3":{"start":{"line":21,"column":2},"end":{"line":24,"column":70}},"4":{"start":{"line":22,"column":4},"end":{"line":24,"column":70}},"5":{"start":{"line":25,"column":15},"end":{"line":25,"column":27}},"6":{"start":{"line":26,"column":2},"end":{"line":31,"column":7}},"7":{"start":{"line":27,"column":4},"end":{"line":31,"column":7}},"8":{"start":{"line":32,"column":2},"end":{"line":32,"column":9}},"9":{"start":{"line":11,"column":0},"end":{"line":11,"column":24}}},"fnMap":{"0":{"name":"commentCreateValidator","decl":{"start":{"line":11,"column":24},"end":{"line":11,"column":46}},"loc":{"start":{"line":14,"column":20},"end":{"line":33,"column":1}}}},"branchMap":{"0":{"loc":{"start":{"line":17,"column":2},"end":{"line":20,"column":78}},"type":"if","locations":[{"start":{"line":17,"column":2},"end":{"line":20,"column":78}}]},"1":{"loc":{"start":{"line":21,"column":2},"end":{"line":24,"column":70}},"type":"if","locations":[{"start":{"line":21,"column":2},"end":{"line":24,"column":70}}]},"2":{"loc":{"start":{"line":26,"column":2},"end":{"line":31,"column":7}},"type":"if","locations":[{"start":{"line":26,"column":2},"end":{"line":31,"column":7}}]},"3":{"loc":{"start":{"line":26,"column":6},"end":{"line":26,"column":38}},"type":"binary-expr","locations":[{"start":{"line":26,"column":6},"end":{"line":26,"column":11}},{"start":{"line":26,"column":15},"end":{"line":26,"column":38}}]}},"s":{"0":4,"1":4,"2":1,"3":3,"4":1,"5":2,"6":2,"7":1,"8":1,"9":1},"f":{"0":4},"b":{"0":[1],"1":[1],"2":[1],"3":[2,1]}}
,"/home/ubuntu/repos/realworld-express-prisma/src/utils/db/prisma.ts": {"path":"/home/ubuntu/repos/realworld-express-prisma/src/utils/db/prisma.ts","statementMap":{"0":{"start":{"line":1,"column":0},"end":{"line":1,"column":46}},"1":{"start":{"line":3,"column":15},"end":{"line":3,"column":33}},"2":{"start":{"line":5,"column":0},"end":{"line":5,"column":22}}},"fnMap":{},"branchMap":{},"s":{"0":2,"1":2,"2":2},"f":{},"b":{}}
,"/home/ubuntu/repos/realworld-express-prisma/src/utils/db/comment/commentCreatePrisma.ts": {"path":"/home/ubuntu/repos/realworld-express-prisma/src/utils/db/comment/commentCreatePrisma.ts","statementMap":{"0":{"start":{"line":2,"column":0},"end":{"line":2,"column":31}},"1":{"start":{"line":9,"column":18},"end":{"line":12,"column":4}},"2":{"start":{"line":13,"column":2},"end":{"line":13,"column":17}},"3":{"start":{"line":4,"column":0},"end":{"line":4,"column":30}}},"fnMap":{"0":{"name":"commentCreatePrisma","decl":{"start":{"line":4,"column":30},"end":{"line":4,"column":49}},"loc":{"start":{"line":7,"column":14},"end":{"line":14,"column":null}}}},"branchMap":{},"s":{"0":1,"1":0,"2":0,"3":1},"f":{"0":0},"b":{}}
,"/home/ubuntu/repos/realworld-express-prisma/src/utils/db/user/userGetPrisma.ts": {"path":"/home/ubuntu/repos/realworld-express-prisma/src/utils/db/user/userGetPrisma.ts","statementMap":{"0":{"start":{"line":1,"column":0},"end":{"line":1,"column":31}},"1":{"start":{"line":4,"column":2},"end":{"line":4,"column":29}},"2":{"start":{"line":4,"column":17},"end":{"line":4,"column":29}},"3":{"start":{"line":5,"column":15},"end":{"line":13,"column":4}},"4":{"start":{"line":14,"column":2},"end":{"line":14,"column":14}},"5":{"start":{"line":3,"column":0},"end":{"line":3,"column":30}}},"fnMap":{"0":{"name":"userGetPrisma","decl":{"start":{"line":3,"column":30},"end":{"line":3,"column":43}},"loc":{"start":{"line":3,"column":60},"end":{"line":15,"column":null}}}},"branchMap":{"0":{"loc":{"start":{"line":4,"column":2},"end":{"line":4,"column":29}},"type":"if","locations":[{"start":{"line":4,"column":2},"end":{"line":4,"column":29}}]}},"s":{"0":1,"1":0,"2":0,"3":0,"4":0,"5":1},"f":{"0":0},"b":{"0":[0]}}
,"/home/ubuntu/repos/realworld-express-prisma/src/view/commentViewer.ts": {"path":"/home/ubuntu/repos/realworld-express-prisma/src/view/commentViewer.ts","statementMap":{"0":{"start":{"line":2,"column":0},"end":{"line":2,"column":44}},"1":{"start":{"line":8,"column":22},"end":{"line":14,"column":4}},"2":{"start":{"line":15,"column":2},"end":{"line":15,"column":21}},"3":{"start":{"line":4,"column":0},"end":{"line":4,"column":24}}},"fnMap":{"0":{"name":"commentViewer","decl":{"start":{"line":4,"column":24},"end":{"line":4,"column":37}},"loc":{"start":{"line":6,"column":20},"end":{"line":16,"column":1}}}},"branchMap":{},"s":{"0":1,"1":0,"2":0,"3":1},"f":{"0":0},"b":{}}
,"/home/ubuntu/repos/realworld-express-prisma/src/view/profileViewer.ts": {"path":"/home/ubuntu/repos/realworld-express-prisma/src/view/profileViewer.ts","statementMap":{"0":{"start":{"line":9,"column":18},"end":{"line":13,"column":11}},"1":{"start":{"line":11,"column":40},"end":{"line":11,"column":78}},"2":{"start":{"line":14,"column":19},"end":{"line":19,"column":4}},"3":{"start":{"line":20,"column":2},"end":{"line":20,"column":18}},"4":{"start":{"line":5,"column":0},"end":{"line":5,"column":24}}},"fnMap":{"0":{"name":"profileViewer","decl":{"start":{"line":5,"column":24},"end":{"line":5,"column":37}},"loc":{"start":{"line":7,"column":20},"end":{"line":21,"column":1}}},"1":{"name":"(anonymous_1)","decl":{"start":{"line":11,"column":29},"end":{"line":11,"column":30}},"loc":{"start":{"line":11,"column":40},"end":{"line":11,"column":78}}}},"branchMap":{"0":{"loc":{"start":{"line":9,"column":18},"end":{"line":13,"column":11}},"type":"cond-expr","locations":[{"start":{"line":10,"column":6},"end":{"line":11,"column":null}},{"start":{"line":13,"column":6},"end":{"line":13,"column":11}}]}},"s":{"0":0,"1":0,"2":0,"3":0,"4":1},"f":{"0":0,"1":0},"b":{"0":[0,0]}}
}
