TN:
SF:src/controllers/commentsController/createComment.ts
FN:16,createComment
FNF:1
FNH:1
FNDA:3,createComment
DA:3,1
DA:4,1
DA:5,1
DA:16,1
DA:21,3
DA:22,3
DA:23,3
DA:25,3
DA:27,3
DA:28,3
DA:31,2
DA:38,1
DA:39,1
DA:41,1
LF:14
LH:14
BRDA:23,0,0,0
BRDA:23,0,1,3
BRDA:23,1,0,3
BRDA:23,1,1,3
BRDA:23,2,0,0
BRDA:23,2,1,3
BRDA:23,3,0,3
BRDA:23,3,1,3
BRDA:28,4,0,1
BRF:9
BRH:7
end_of_record
TN:
SF:src/middleware/commentsValidator/commentCreateValidator.ts
FN:11,commentCreateValidator
FNF:1
FNH:1
FNDA:4,commentCreateValidator
DA:11,1
DA:16,4
DA:17,4
DA:18,1
DA:21,3
DA:22,1
DA:25,2
DA:26,2
DA:27,1
DA:32,1
LF:10
LH:10
BRDA:17,0,0,1
BRDA:21,1,0,1
BRDA:26,2,0,1
BRDA:26,3,0,2
BRDA:26,3,1,1
BRF:5
BRH:5
end_of_record
TN:
SF:src/utils/db/prisma.ts
FNF:0
FNH:0
DA:1,2
DA:3,2
DA:5,2
LF:3
LH:3
BRF:0
BRH:0
end_of_record
TN:
SF:src/utils/db/comment/commentCreatePrisma.ts
FN:4,commentCreatePrisma
FNF:1
FNH:0
FNDA:0,commentCreatePrisma
DA:2,1
DA:4,1
DA:9,0
DA:13,0
LF:4
LH:2
BRF:0
BRH:0
end_of_record
TN:
SF:src/utils/db/user/userGetPrisma.ts
FN:3,userGetPrisma
FNF:1
FNH:0
FNDA:0,userGetPrisma
DA:1,1
DA:3,1
DA:4,0
DA:5,0
DA:14,0
LF:5
LH:2
BRDA:4,0,0,0
BRF:1
BRH:0
end_of_record
TN:
SF:src/view/commentViewer.ts
FN:4,commentViewer
FNF:1
FNH:0
FNDA:0,commentViewer
DA:2,1
DA:4,1
DA:8,0
DA:15,0
LF:4
LH:2
BRF:0
BRH:0
end_of_record
TN:
SF:src/view/profileViewer.ts
FN:5,profileViewer
FN:11,(anonymous_1)
FNF:2
FNH:0
FNDA:0,profileViewer
FNDA:0,(anonymous_1)
DA:5,1
DA:9,0
DA:11,0
DA:14,0
DA:20,0
LF:5
LH:1
BRDA:9,0,0,0
BRDA:9,0,1,0
BRF:2
BRH:0
end_of_record
